<?xml version="1.0" encoding="UTF-8"?>
<!-- Generated by org.testng.reporters.JUnitXMLReporter -->
<testsuite hostname="DESKTOP-P1OV4AS" ignored="0" name="ParallelTest" tests="2" failures="0" timestamp="01 May 2019 10:59:32 GMT" time="6.702" errors="0">
  <testcase name="@BeforeMethod beforeMethod" time="6.629" classname="grid.BaseClass">
    <failure type="java.lang.NullPointerException">
      <![CDATA[java.lang.NullPointerException
at grid.BaseClass.beforeMethod(BaseClass.java:21)
at java.util.concurrent.ThreadPoolExecutor.runWorker(Unknown Source)
at java.util.concurrent.ThreadPoolExecutor$Worker.run(Unknown Source)
at java.lang.Thread.run(Unknown Source)
... Removed 13 stack frames]]>
    </failure>
  </testcase> <!-- @BeforeMethod beforeMethod -->
  <testcase name="@BeforeMethod beforeMethod" time="6.629" classname="grid.BaseClass">
    <failure type="java.lang.NullPointerException">
      <![CDATA[java.lang.NullPointerException
at grid.BaseClass.beforeMethod(BaseClass.java:21)
at java.util.concurrent.ThreadPoolExecutor.runWorker(Unknown Source)
at java.util.concurrent.ThreadPoolExecutor$Worker.run(Unknown Source)
at java.lang.Thread.run(Unknown Source)
... Removed 13 stack frames]]>
    </failure>
  </testcase> <!-- @BeforeMethod beforeMethod -->
  <testcase name="@AfterClass afterClass" time="0.0" classname="grid.BaseClass">
    <skipped/>
  </testcase> <!-- @AfterClass afterClass -->
  <testcase name="test_01" time="0.0" classname="grid.TestWebsite">
    <skipped/>
  </testcase> <!-- test_01 -->
  <testcase name="test_02" time="0.0" classname="grid.TestWebsite">
    <skipped/>
  </testcase> <!-- test_02 -->
</testsuite> <!-- ParallelTest -->
