<?xml version="1.0" encoding="UTF-8"?>
<testng-results skipped="0" failed="0" ignored="0" total="1" passed="1">
  <reporter-output>
  </reporter-output>
  <suite name="toto.koko.AppTest" duration-ms="87" started-at="2019-04-20T16:42:45Z" finished-at="2019-04-20T16:42:45Z">
    <groups>
    </groups>
    <test name="Command line test" duration-ms="87" started-at="2019-04-20T16:42:45Z" finished-at="2019-04-20T16:42:45Z">
      <class name="toto.koko.AppTest">
        <test-method status="PASS" signature="testApp()[pri:0, instance:toto.koko.AppTest@27f674d]" name="testApp" duration-ms="23" started-at="2019-04-20T17:42:45Z" finished-at="2019-04-20T17:42:45Z">
          <reporter-output>
          </reporter-output>
        </test-method> <!-- testApp -->
      </class> <!-- toto.koko.AppTest -->
    </test> <!-- Command line test -->
  </suite> <!-- toto.koko.AppTest -->
</testng-results>
